
(1648252485.898311) can1 7DF#0201000000000000
(1648252485.898311) can1 7E8#064100BFFFB993AA
(1648252485.898311) can1 7EA#06410080000001AA
(1648252485.898311) can1 7DF#0201010000000000
(1648252485.898311) can1 7EA#06410100040000AA
(1648252485.898311) can1 7E8#0641010007E524AA
(1648252485.898311) can1 7DF#0201020000000000
(1648252485.898311) can1 7DF#0201030000000000
(1648252485.898311) can1 7E8#0441030202AAAAAA
(1648252485.898311) can1 7DF#0201040000000000
(1648252485.898311) can1 7E8#0341043AAAAAAAAA
(1648252485.898311) can1 7DF#0201050000000000
(1648252485.898311) can1 7E8#03410587AAAAAAAA
(1648252485.898311) can1 7DF#0201060000000000
(1648252485.898311) can1 7E8#0341067BAAAAAAAA
(1648252485.898311) can1 7DF#0201070000000000
(1648252485.898311) can1 7E8#03410770AAAAAAAA
(1648252485.898311) can1 7DF#0201080000000000
(1648252485.898311) can1 7E8#0341087EAAAAAAAA
(1648252485.898311) can1 7DF#0201090000000000
(1648252485.898311) can1 7E8#03410973AAAAAAAA
(1648252485.898311) can1 7DF#02010A0000000000
(1648252485.898311) can1 7E8#03410A00AAAAAAAA
(1648252485.898311) can1 7DF#02010B0000000000
(1648252485.898311) can1 7E8#03410B1CAAAAAAAA
(1648252485.898311) can1 7DF#02010C0000000000
(1648252485.898311) can1 7E8#04410C0966AAAAAA
(1648252485.898311) can1 7DF#02010D0000000000
(1648252485.898311) can1 7E8#03410D00AAAAAAAA
(1648252485.898311) can1 7DF#02010E0000000000
(1648252485.898311) can1 7E8#03410EA3AAAAAAAA
(1648252485.898311) can1 7DF#02010F0000000000
(1648252485.898311) can1 7E8#03410F5BAAAAAAAA
(1648252485.898311) can1 7DF#0201100000000000
(1648252485.898311) can1 7E8#044110024DAAAAAA
(1648252485.898311) can1 7DF#0201110000000000
(1648252485.898311) can1 7E8#03411132AAAAAAAA
(1648252485.898311) can1 7DF#0201120000000000
(1648252485.898311) can1 7DF#0201130000000000
(1648252485.898311) can1 7E8#03411333AAAAAAAA
(1648252485.898311) can1 7DF#0201140000000000
(1648252485.898311) can1 7E8#044114407FAAAAAA
(1648252485.898311) can1 7DF#0201150000000000
(1648252485.898311) can1 7E8#04411591FFAAAAAA
(1648252485.898311) can1 7DF#0201160000000000
(1648252485.898311) can1 7DF#0201170000000000
(1648252485.898311) can1 7DF#0201180000000000
(1648252485.898311) can1 7E8#044118A87EAAAAAA
(1648252485.898311) can1 7DF#0201190000000000
(1648252485.898311) can1 7E8#044119A2FFAAAAAA
(1648252485.898311) can1 7DF#02011A0000000000
(1648252485.898311) can1 7DF#02011B0000000000
(1648252485.898311) can1 7DF#02011C0000000000
(1648252485.898311) can1 7E8#03411C0BAAAAAAAA
(1648252485.898311) can1 7DF#02011D0000000000
(1648252485.898311) can1 7DF#02011E0000000000
(1648252485.898311) can1 7DF#02011F0000000000
(1648252485.898311) can1 7E8#04411F044BAAAAAA
(1648252485.898311) can1 7DF#0201200000000000
(1648252485.898311) can1 7E8#0641208007E019AA
(1648252485.898311) can1 7EA#06412080018001AA
(1648252485.898311) can1 7DF#0201210000000000
(1648252485.898311) can1 7E8#0441210000AAAAAA
(1648252485.898311) can1 7EA#0441210000AAAAAA
(1648252485.898311) can1 7DF#0201220000000000
(1648252485.898311) can1 7DF#0201230000000000
(1648252485.898311) can1 7DF#0201240000000000
(1648252485.898311) can1 7DF#0201250000000000
(1648252485.898311) can1 7DF#0201260000000000
(1648252485.898311) can1 7DF#0201270000000000
(1648252485.898311) can1 7DF#0201280000000000
(1648252485.898311) can1 7DF#0201290000000000
(1648252485.898311) can1 7DF#02012A0000000000
(1648252485.898311) can1 7DF#02012B0000000000
(1648252485.898311) can1 7DF#02012C0000000000
(1648252485.898311) can1 7DF#02012D0000000000
(1648252485.898311) can1 7DF#02012E0000000000
(1648252485.898311) can1 7E8#03412E24AAAAAAAA
(1648252485.898311) can1 7DF#02012F0000000000
(1648252485.898311) can1 7E8#03412F3FAAAAAAAA
(1648252485.898311) can1 7DF#0201300000000000
(1648252485.898311) can1 7E8#03413001AAAAAAAA
(1648252485.898311) can1 7EA#03413001AAAAAAAA
(1648252485.898311) can1 7DF#0201310000000000
(1648252485.898311) can1 7EA#0441310035AAAAAA
(1648252485.898311) can1 7E8#0441310034AAAAAA
(1648252485.898311) can1 7DF#0201320000000000
(1648252485.898311) can1 7E8#044132FEA6AAAAAA
(1648252485.898311) can1 7DF#0201330000000000
(1648252485.898311) can1 7E8#0341335FAAAAAAAA
(1648252485.898311) can1 7DF#0201340000000000
(1648252485.898311) can1 7DF#0201350000000000
(1648252485.898311) can1 7DF#0201360000000000
(1648252485.898311) can1 7DF#0201370000000000
(1648252485.898311) can1 7DF#0201380000000000
(1648252485.898311) can1 7DF#0201390000000000
(1648252485.898311) can1 7DF#02013A0000000000
(1648252485.898311) can1 7DF#02013B0000000000
(1648252485.898311) can1 7DF#02013C0000000000
(1648252485.898311) can1 7E8#04413C1162AAAAAA
(1648252485.898311) can1 7DF#02013D0000000000
(1648252485.898311) can1 7E8#04413D1162AAAAAA
(1648252485.898311) can1 7DF#02013E0000000000
(1648252485.898311) can1 7DF#02013F0000000000
(1648252485.898311) can1 7DF#0201400000000000
(1648252485.898311) can1 7E8#064140FED04000AA
(1648252485.898311) can1 7EA#06414040000000AA
(1648252485.898311) can1 7DF#0201410000000000
(1648252485.898311) can1 7E8#064141002741A5AA
(1648252485.898311) can1 7DF#0201420000000000
(1648252485.898311) can1 7E8#0441423691AAAAAA
(1648252485.898311) can1 7EA#0441423679AAAAAA
(1648252485.898311) can1 7DF#0201430000000000
(1648252485.898311) can1 7E8#0441430027AAAAAA
(1648252485.898311) can1 7DF#0201440000000000
(1648252485.898311) can1 7E8#0441448000AAAAAA
(1648252485.898311) can1 7DF#0201450000000000
(1648252485.898311) can1 7E8#0341450EAAAAAAAA
(1648252485.898311) can1 7DF#0201460000000000
(1648252485.898311) can1 7E8#03414637AAAAAAAA
(1648252485.898311) can1 7DF#0201470000000000
(1648252485.898311) can1 7E8#03414732AAAAAAAA
(1648252485.898311) can1 7DF#0201480000000000
(1648252485.898311) can1 7DF#0201490000000000
(1648252485.898311) can1 7E8#03414932AAAAAAAA
(1648252485.898311) can1 7DF#02014A0000000000
(1648252485.898311) can1 7E8#03414A18AAAAAAAA
(1648252485.898311) can1 7DF#02014B0000000000
(1648252485.898311) can1 7DF#02014C0000000000
(1648252485.898311) can1 7E8#03414C14AAAAAAAA
(1648252485.898311) can1 7DF#02014D0000000000
(1648252485.898311) can1 7DF#02014E0000000000
(1648252485.898311) can1 7DF#02014F0000000000
(1648252485.898311) can1 7DF#0201500000000000
(1648252485.898311) can1 7DF#0201510000000000
(1648252485.898311) can1 7DF#0201520000000000
(1648252485.898311) can1 7E8#03415208AAAAAAAA
(1648252485.898311) can1 7DF#0201530000000000
(1648252485.898311) can1 7DF#0201540000000000
(1648252485.898311) can1 7DF#0201550000000000
(1648252485.898311) can1 7DF#0201560000000000
(1648252485.898311) can1 7DF#0201570000000000
(1648252485.898311) can1 7DF#0201580000000000
(1648252485.898311) can1 7DF#0201590000000000
(1648252485.898311) can1 7DF#02015A0000000000
(1648252485.898311) can1 7DF#02015B0000000000
(1648252485.898311) can1 7DF#02015C0000000000
(1648252485.898311) can1 7DF#02015D0000000000
(1648252485.898311) can1 7DF#02015E0000000000
(1648252485.898311) can1 7DF#02015F0000000000
(1648252485.898311) can1 7DF#0201600000000000
(1648252485.898311) can1 7DF#0201610000000000
(1648252485.898311) can1 7DF#0201620000000000
(1648252485.898311) can1 7DF#0201630000000000
(1648252485.898311) can1 7DF#0201640000000000
(1648252485.898311) can1 7DF#0201650000000000
(1648252485.898311) can1 7DF#0201660000000000
(1648252485.898311) can1 7DF#0201670000000000
(1648252485.898311) can1 7DF#0201680000000000
(1648252485.898311) can1 7DF#0201690000000000
(1648252485.898311) can1 7DF#02016A0000000000
(1648252485.898311) can1 7DF#02016B0000000000
(1648252485.898311) can1 7DF#02016C0000000000
(1648252485.898311) can1 7DF#02016D0000000000
(1648252485.898311) can1 7DF#02016E0000000000
(1648252485.898311) can1 7DF#02016F0000000000
(1648252485.898311) can1 7DF#0201700000000000
(1648252485.898311) can1 7DF#0201710000000000
(1648252485.898311) can1 7DF#0201720000000000
(1648252485.898311) can1 7DF#0201730000000000
(1648252485.898311) can1 7DF#0201740000000000
(1648252485.898311) can1 7DF#0201750000000000
(1648252485.898311) can1 7DF#0201760000000000
(1648252485.898311) can1 7DF#0201770000000000
(1648252485.898311) can1 7DF#0201780000000000
(1648252485.898311) can1 7DF#0201790000000000
(1648252485.898311) can1 7DF#02017A0000000000
(1648252485.898311) can1 7DF#02017B0000000000
(1648252485.898311) can1 7DF#02017C0000000000
(1648252485.898311) can1 7DF#02017D0000000000
(1648252485.898311) can1 7DF#02017E0000000000
(1648252485.898311) can1 7DF#02017F0000000000
(1648252485.898311) can1 7DF#0201800000000000
(1648252485.898311) can1 7DF#0201810000000000
(1648252485.898311) can1 7DF#0201820000000000
(1648252485.898311) can1 7DF#0201830000000000
(1648252485.898311) can1 7DF#0201840000000000
(1648252485.898311) can1 7DF#0201850000000000
(1648252485.898311) can1 7DF#0201860000000000
(1648252485.898311) can1 7DF#0201870000000000
(1648252485.898311) can1 7DF#0201880000000000
(1648252485.898311) can1 7DF#0201890000000000
(1648252485.898311) can1 7DF#02018A0000000000
(1648252485.898311) can1 7DF#02018B0000000000
(1648252485.898311) can1 7DF#02018C0000000000
(1648252485.898311) can1 7DF#02018D0000000000
(1648252485.898311) can1 7DF#02018E0000000000
(1648252485.898311) can1 7DF#02018F0000000000
(1648252485.898311) can1 7DF#0201900000000000
(1648252485.898311) can1 7DF#0201910000000000
(1648252485.898311) can1 7DF#0201920000000000
(1648252485.898311) can1 7DF#0201930000000000
(1648252485.898311) can1 7DF#0201940000000000
(1648252485.898311) can1 7DF#0201950000000000
(1648252485.898311) can1 7DF#0201960000000000
(1648252485.898311) can1 7DF#0201970000000000
(1648252485.898311) can1 7DF#0201980000000000
(1648252485.898311) can1 7DF#0201990000000000
(1648252485.898311) can1 7DF#02019A0000000000
(1648252485.898311) can1 7DF#02019B0000000000
(1648252485.898311) can1 7DF#02019C0000000000
(1648252485.898311) can1 7DF#02019D0000000000
(1648252485.898311) can1 7DF#02019E0000000000
(1648252485.898311) can1 7DF#02019F0000000000
(1648252485.898311) can1 7DF#0201A00000000000
(1648252485.898311) can1 7DF#0201A10000000000
(1648252485.898311) can1 7DF#0201A20000000000
(1648252485.898311) can1 7DF#0201A30000000000
(1648252485.898311) can1 7DF#0201A40000000000
(1648252485.898311) can1 7DF#0201A50000000000
(1648252485.898311) can1 7DF#0201A60000000000
(1648252485.898311) can1 7DF#0201A70000000000
(1648252485.898311) can1 7DF#0201A80000000000
(1648252485.898311) can1 7DF#0201A90000000000
(1648252485.898311) can1 7DF#0201AA0000000000
(1648252485.898311) can1 7DF#0201AB0000000000
(1648252485.898311) can1 7DF#0201AC0000000000
(1648252485.898311) can1 7DF#0201AD0000000000
(1648252485.898311) can1 7DF#0201AE0000000000
(1648252485.898311) can1 7DF#0201AF0000000000
(1648252485.898311) can1 7DF#0201B00000000000
(1648252485.898311) can1 7DF#0201B10000000000
(1648252485.898311) can1 7DF#0201B20000000000
(1648252485.898311) can1 7DF#0201B30000000000
(1648252485.898311) can1 7DF#0201B40000000000
(1648252485.898311) can1 7DF#0201B50000000000
(1648252485.898311) can1 7DF#0201B60000000000
(1648252485.898311) can1 7DF#0201B70000000000
(1648252485.898311) can1 7DF#0201B80000000000
(1648252485.898311) can1 7DF#0201B90000000000
(1648252485.898311) can1 7DF#0201BA0000000000
(1648252485.898311) can1 7DF#0201BB0000000000
(1648252485.898311) can1 7DF#0201BC0000000000
(1648252485.898311) can1 7DF#0201BD0000000000
(1648252485.898311) can1 7DF#0201BE0000000000
(1648252485.898311) can1 7DF#0201BF0000000000

