(1649282361.105083) can1 7DF#0209020000000000
(1649282361.110821) can1 7E8#101449020131474B
(1649282361.127725) can1 7E0#3000000000000000
(1649282361.129773) can1 7E8#2153324545463542
(1649282361.135804) can1 7E8#2252333539393838
(1649282362.171212) can1 7DF#0201000000000000
(1649282362.173431) can1 7E8#064100BFFFB993AA
(1649282362.178126) can1 7EA#06410080000001AA
(1649282362.260945) can1 7DF#0201010000000000
(1649282362.265697) can1 7EA#06410100040000AA
(1649282362.267291) can1 7E8#0641010007E504AA
(1649282362.347566) can1 7DF#0201020000000000
(1649282362.434831) can1 7DF#0201030000000000
(1649282362.436060) can1 7E8#0441030000AAAAAA
(1649282362.524730) can1 7DF#0201040000000000
(1649282362.529765) can1 7E8#03410400AAAAAAAA
(1649282362.613396) can1 7DF#0201050000000000
(1649282362.617189) can1 7E8#0341057EAAAAAAAA
(1649282362.702942) can1 7DF#0201060000000000
(1649282362.704618) can1 7E8#03410680AAAAAAAA
(1649282362.791691) can1 7DF#0201070000000000
(1649282362.798246) can1 7E8#03410771AAAAAAAA
(1649282362.879206) can1 7DF#0201080000000000
(1649282362.885756) can1 7E8#03410880AAAAAAAA
(1649282362.968855) can1 7DF#0201090000000000
(1649282362.973237) can1 7E8#03410974AAAAAAAA
(1649282363.056254) can1 7DF#02010A0000000000
(1649282363.060701) can1 7E8#03410A00AAAAAAAA
(1649282363.143667) can1 7DF#02010B0000000000
(1649282363.148296) can1 7E8#03410B5FAAAAAAAA
(1649282363.231484) can1 7DF#02010C0000000000
(1649282363.235695) can1 7E8#04410C0000AAAAAA
(1649282363.319933) can1 7DF#02010D0000000000
(1649282363.323242) can1 7E8#03410D00AAAAAAAA
(1649282363.410860) can1 7DF#02010E0000000000
(1649282363.417008) can1 7E8#03410E7CAAAAAAAA
(1649282363.499878) can1 7DF#02010F0000000000
(1649282363.504601) can1 7E8#03410F69AAAAAAAA
(1649282363.589091) can1 7DF#0201100000000000
(1649282363.592010) can1 7E8#0441100000AAAAAA
(1649282363.680385) can1 7DF#0201110000000000
(1649282363.685672) can1 7E8#0341114EAAAAAAAA
(1649282363.767966) can1 7DF#0201120000000000
(1649282363.856436) can1 7DF#0201130000000000
(1649282363.860753) can1 7E8#03411333AAAAAAAA
(1649282363.944944) can1 7DF#0201140000000000
(1649282363.948169) can1 7E8#0441145980AAAAAA
(1649282364.034122) can1 7DF#0201150000000000
(1649282364.035632) can1 7E8#0441155BFFAAAAAA
(1649282364.122553) can1 7DF#0201160000000000
(1649282364.213998) can1 7DF#0201170000000000
(1649282364.301449) can1 7DF#0201180000000000
(1649282364.304464) can1 7E8#0441185880AAAAAA
(1649282364.390892) can1 7DF#0201190000000000
(1649282364.391897) can1 7E8#0441195AFFAAAAAA
(1649282364.482878) can1 7DF#02011A0000000000
(1649282364.572958) can1 7DF#02011B0000000000
(1649282364.663323) can1 7DF#02011C0000000000
(1649282364.666910) can1 7E8#03411C0BAAAAAAAA
(1649282364.755219) can1 7DF#02011D0000000000
(1649282364.842955) can1 7DF#02011E0000000000
(1649282364.931536) can1 7DF#02011F0000000000
(1649282364.935648) can1 7E8#04411F0000AAAAAA
(1649282365.023007) can1 7DF#0201200000000000
(1649282365.028059) can1 7EA#06412080018001AA
(1649282365.029549) can1 7E8#0641208007E019AA
(1649282365.112614) can1 7DF#0201210000000000
(1649282365.115602) can1 7EA#0441210000AAAAAA
(1649282365.116897) can1 7E8#0441210000AAAAAA
(1649282365.201416) can1 7DF#0201220000000000
(1649282365.290513) can1 7DF#0201230000000000
(1649282365.377195) can1 7DF#0201240000000000
(1649282365.467790) can1 7DF#0201250000000000
(1649282365.557686) can1 7DF#0201260000000000
(1649282365.649393) can1 7DF#0201270000000000
(1649282365.740170) can1 7DF#0201280000000000
(1649282365.830089) can1 7DF#0201290000000000
(1649282365.919753) can1 7DF#02012A0000000000
(1649282366.009496) can1 7DF#02012B0000000000
(1649282366.099464) can1 7DF#02012C0000000000
(1649282366.188629) can1 7DF#02012D0000000000
(1649282366.277803) can1 7DF#02012E0000000000
(1649282366.279691) can1 7E8#03412E00AAAAAAAA
(1649282366.365863) can1 7DF#02012F0000000000
(1649282366.366789) can1 7E8#03412F40AAAAAAAA
(1649282366.452916) can1 7DF#0201300000000000
(1649282366.454336) can1 7E8#03413005AAAAAAAA
(1649282366.459310) can1 7EA#03413005AAAAAAAA
(1649282366.541945) can1 7DF#0201310000000000
(1649282366.546814) can1 7EA#0441310068AAAAAA
(1649282366.548320) can1 7E8#0441310068AAAAAA
(1649282366.631204) can1 7DF#0201320000000000
(1649282366.635824) can1 7E8#044132001EAAAAAA
(1649282366.721892) can1 7DF#0201330000000000
(1649282366.723047) can1 7E8#0341335FAAAAAAAA
(1649282366.812097) can1 7DF#0201340000000000
(1649282366.902596) can1 7DF#0201350000000000
(1649282366.991454) can1 7DF#0201360000000000
(1649282367.079848) can1 7DF#0201370000000000
(1649282367.171330) can1 7DF#0201380000000000
(1649282367.256356) can1 7DF#0201390000000000
(1649282367.344592) can1 7DF#02013A0000000000
(1649282367.436112) can1 7DF#02013B0000000000
(1649282367.524454) can1 7DF#02013C0000000000
(1649282367.529333) can1 7E8#04413C03C0AAAAAA
(1649282367.614178) can1 7DF#02013D0000000000
(1649282367.616760) can1 7E8#04413D03C0AAAAAA
(1649282367.703450) can1 7DF#02013E0000000000
(1649282367.790038) can1 7DF#02013F0000000000
(1649282367.878420) can1 7DF#0201400000000000
(1649282367.879563) can1 7E8#064140FED04000AA
(1649282367.884357) can1 7EA#06414040000000AA
(1649282367.969227) can1 7DF#0201410000000000
(1649282367.973361) can1 7E8#06414100276085AA
(1649282368.058677) can1 7DF#0201420000000000
(1649282368.061100) can1 7E8#0441422E97AAAAAA
(1649282368.065638) can1 7EA#0441422E09AAAAAA
(1649282368.146310) can1 7DF#0201430000000000
(1649282368.149605) can1 7E8#0441430000AAAAAA
(1649282368.233388) can1 7DF#0201440000000000
(1649282368.235852) can1 7E8#0441446B60AAAAAA
(1649282368.320928) can1 7DF#0201450000000000
(1649282368.323321) can1 7E8#0341452AAAAAAAAA
(1649282368.408054) can1 7DF#0201460000000000
(1649282368.410894) can1 7E8#03414631AAAAAAAA
(1649282368.496554) can1 7DF#0201470000000000
(1649282368.497850) can1 7E8#0341474DAAAAAAAA
(1649282368.586087) can1 7DF#0201480000000000
(1649282368.675920) can1 7DF#0201490000000000
(1649282368.679521) can1 7E8#03414932AAAAAAAA
(1649282368.766152) can1 7DF#02014A0000000000
(1649282368.773664) can1 7E8#03414A19AAAAAAAA
(1649282368.853667) can1 7DF#02014B0000000000
(1649282368.941701) can1 7DF#02014C0000000000
(1649282368.948610) can1 7E8#03414C21AAAAAAAA
(1649282369.029128) can1 7DF#02014D0000000000
(1649282369.118309) can1 7DF#02014E0000000000
(1649282369.209635) can1 7DF#02014F0000000000
(1649282369.300703) can1 7DF#0201500000000000
(1649282369.389877) can1 7DF#0201510000000000
(1649282369.477724) can1 7DF#0201520000000000
(1649282369.479477) can1 7E8#03415208AAAAAAAA
(1649282369.565829) can1 7DF#0201530000000000
(1649282369.654004) can1 7DF#0201540000000000
(1649282369.741496) can1 7DF#0201550000000000
(1649282369.829248) can1 7DF#0201560000000000
(1649282369.916770) can1 7DF#0201570000000000
(1649282370.004287) can1 7DF#0201580000000000
(1649282370.091267) can1 7DF#0201590000000000
(1649282370.178619) can1 7DF#02015A0000000000
(1649282370.269581) can1 7DF#02015B0000000000
(1649282370.359464) can1 7DF#02015C0000000000
(1649282370.448566) can1 7DF#02015D0000000000
(1649282370.536302) can1 7DF#02015E0000000000
(1649282370.625884) can1 7DF#02015F0000000000
(1649282370.714503) can1 7DF#0201600000000000
(1649282370.804231) can1 7DF#0201610000000000
(1649282370.893116) can1 7DF#0201620000000000
(1649282370.981313) can1 7DF#0201630000000000
(1649282371.068553) can1 7DF#0201640000000000
(1649282371.158686) can1 7DF#0201650000000000
(1649282371.247376) can1 7DF#0201660000000000
(1649282371.338208) can1 7DF#0201670000000000
(1649282371.427412) can1 7DF#0201680000000000
(1649282371.518319) can1 7DF#0201690000000000
(1649282371.608198) can1 7DF#02016A0000000000
(1649282371.700342) can1 7DF#02016B0000000000
(1649282371.789700) can1 7DF#02016C0000000000
(1649282371.877853) can1 7DF#02016D0000000000
(1649282371.965837) can1 7DF#02016E0000000000
(1649282372.058760) can1 7DF#02016F0000000000
(1649282372.149381) can1 7DF#0201700000000000
(1649282372.238937) can1 7DF#0201710000000000
(1649282372.327390) can1 7DF#0201720000000000
(1649282372.417572) can1 7DF#0201730000000000
(1649282372.504557) can1 7DF#0201740000000000
(1649282372.593562) can1 7DF#0201750000000000
(1649282372.681785) can1 7DF#0201760000000000
(1649282372.773753) can1 7DF#0201770000000000
(1649282372.865292) can1 7DF#0201780000000000
(1649282372.953510) can1 7DF#0201790000000000
(1649282373.042516) can1 7DF#02017A0000000000
(1649282373.132090) can1 7DF#02017B0000000000
(1649282373.220613) can1 7DF#02017C0000000000
(1649282373.307775) can1 7DF#02017D0000000000
(1649282373.398745) can1 7DF#02017E0000000000
(1649282373.486436) can1 7DF#02017F0000000000
(1649282373.573760) can1 7DF#0201800000000000
(1649282373.661417) can1 7DF#0201810000000000
(1649282373.748774) can1 7DF#0201820000000000
(1649282373.839406) can1 7DF#0201830000000000
(1649282373.928439) can1 7DF#0201840000000000
(1649282374.017309) can1 7DF#0201850000000000
(1649282374.105131) can1 7DF#0201860000000000
(1649282374.193122) can1 7DF#0201870000000000
(1649282374.280149) can1 7DF#0201880000000000
(1649282374.371473) can1 7DF#0201890000000000
(1649282374.461373) can1 7DF#02018A0000000000
(1649282374.548964) can1 7DF#02018B0000000000
(1649282374.636359) can1 7DF#02018C0000000000
(1649282374.723961) can1 7DF#02018D0000000000
(1649282374.812751) can1 7DF#02018E0000000000
(1649282374.899640) can1 7DF#02018F0000000000
(1649282374.989099) can1 7DF#0201900000000000
(1649282375.076018) can1 7DF#0201910000000000
(1649282375.162640) can1 7DF#0201920000000000
(1649282375.251546) can1 7DF#0201930000000000
(1649282375.339784) can1 7DF#0201940000000000
(1649282375.428017) can1 7DF#0201950000000000
(1649282375.517941) can1 7DF#0201960000000000
(1649282375.606264) can1 7DF#0201970000000000
(1649282375.694932) can1 7DF#0201980000000000
(1649282375.784641) can1 7DF#0201990000000000
(1649282375.873907) can1 7DF#02019A0000000000
(1649282375.962131) can1 7DF#02019B0000000000
(1649282376.052412) can1 7DF#02019C0000000000
(1649282376.142033) can1 7DF#02019D0000000000
(1649282376.229743) can1 7DF#02019E0000000000
(1649282376.319561) can1 7DF#02019F0000000000
(1649282376.409274) can1 7DF#0201A00000000000
(1649282376.500309) can1 7DF#0201A10000000000
(1649282376.589231) can1 7DF#0201A20000000000
(1649282376.678695) can1 7DF#0201A30000000000
(1649282376.769276) can1 7DF#0201A40000000000
(1649282376.858984) can1 7DF#0201A50000000000
(1649282376.948795) can1 7DF#0201A60000000000
(1649282377.038259) can1 7DF#0201A70000000000
(1649282377.128607) can1 7DF#0201A80000000000
(1649282377.217668) can1 7DF#0201A90000000000
(1649282377.307283) can1 7DF#0201AA0000000000
(1649282377.395720) can1 7DF#0201AB0000000000
(1649282377.486167) can1 7DF#0201AC0000000000
(1649282377.573596) can1 7DF#0201AD0000000000
(1649282377.661959) can1 7DF#0201AE0000000000
(1649282377.753734) can1 7DF#0201AF0000000000
(1649282377.843380) can1 7DF#0201B00000000000
(1649282377.931521) can1 7DF#0201B10000000000
(1649282378.019776) can1 7DF#0201B20000000000
(1649282378.108052) can1 7DF#0201B30000000000
(1649282378.195875) can1 7DF#0201B40000000000
(1649282378.283835) can1 7DF#0201B50000000000
(1649282378.375421) can1 7DF#0201B60000000000
(1649282378.463617) can1 7DF#0201B70000000000
(1649282378.552363) can1 7DF#0201B80000000000
(1649282378.643072) can1 7DF#0201B90000000000
(1649282378.731319) can1 7DF#0201BA0000000000
(1649282378.819266) can1 7DF#0201BB0000000000
(1649282378.907797) can1 7DF#0201BC0000000000
(1649282378.995789) can1 7DF#0201BD0000000000
(1649282379.086053) can1 7DF#0201BE0000000000
(1649282379.174311) can1 7DF#0201BF0000000000
(1649282379.263226) can1 7DF#0201C00000000000
(1649282379.351733) can1 7DF#0201C10000000000
(1649282379.439670) can1 7DF#0201C20000000000
(1649282379.526510) can1 7DF#0201C30000000000
(1649282379.615280) can1 7DF#0201C40000000000
(1649282379.702103) can1 7DF#0201C50000000000
(1649282379.790438) can1 7DF#0201C60000000000
(1649282379.877323) can1 7DF#0201C70000000000
(1649282379.969170) can1 7DF#0201C80000000000
(1649282380.057369) can1 7DF#0201C90000000000
(1649282380.146624) can1 7DF#0201CA0000000000
(1649282380.238964) can1 7DF#0201CB0000000000
(1649282380.327059) can1 7DF#0201CC0000000000
(1649282380.414523) can1 7DF#0201CD0000000000
(1649282380.504061) can1 7DF#0201CE0000000000
(1649282380.592047) can1 7DF#0201CF0000000000
(1649282380.683941) can1 7DF#0201D00000000000
(1649282380.773805) can1 7DF#0201D10000000000
(1649282380.864537) can1 7DF#0201D20000000000
(1649282380.953963) can1 7DF#0201D30000000000
(1649282381.043656) can1 7DF#0201D40000000000
(1649282381.135935) can1 7DF#0201D50000000000
(1649282381.223944) can1 7DF#0201D60000000000
(1649282381.310769) can1 7DF#0201D70000000000
(1649282381.396736) can1 7DF#0201D80000000000
(1649282381.483227) can1 7DF#0201D90000000000
(1649282381.573990) can1 7DF#0201DA0000000000
(1649282381.664474) can1 7DF#0201DB0000000000
(1649282381.756818) can1 7DF#0201DC0000000000
(1649282381.846476) can1 7DF#0201DD0000000000
(1649282381.933119) can1 7DF#0201DE0000000000
(1649282382.021184) can1 7DF#0201DF0000000000
(1649282382.108509) can1 7DF#0201E00000000000
(1649282389.361174) can1 7DF#0103000000000000
(1649282389.365458) can1 7E8#024300AAAAAAAAAA
(1649282389.366010) can1 7EA#024300AAAAAAAAAA
(1649282389.380991) can1 7E0#3000000000000000
(1648252485.898311) can1 7E0#0107000000000000
(1648252485.898311) can1 7E8#100E470600360102
(1648252485.898311) can1 7E0#3000000000000000
(1648252485.898311) can1 7E8#2101130140014103
(1648252485.898311) can1 7E8#2252AAAAAAAAAAAA
