
(1648252485.898311) can1 7DF#020100FFFFFFFFFF
(1648252485.898311) can1 7E8#064100BFFFB993AA
(1648252485.898311) can1 7EA#06410080000001AA


(1648252485.898311) can1 7DF#02090A0000000000
(1648252485.898311) can1 7E8#1017490A0145434D
(1648252485.898311) can1 7EA#1017490A0154434D
(1648252485.898311) can1 7E0#3000000000000000
(1648252485.898311) can1 7E8#21002D456E67696E
(1648252485.898311) can1 7E8#2265436F6E74726F
(1648252485.898311) can1 7E8#236C0000AAAAAAAA
(1648252485.898311) can1 7DF#02090A0000000000
(1648252485.898311) can1 7EA#1017490A0154434D
(1648252485.898311) can1 7E8#1017490A0145434D
(1648252485.898311) can1 7E2#3000000000000000
(1648252485.898311) can1 7EA#21002D5472616E73
(1648252485.898311) can1 7EA#226D69734374726C
(1648252485.898311) can1 7EA#23000000AAAAAAAA

(1648252485.898311) can1 7DF#020902FFFFFFFFFF
(1648252485.898311) can1 7E8#101449020131474B
(1648252485.898311) can1 7E8#2153324545463542
(1648252485.898311) can1 7E8#2252333539393838



(1648252485.898311) can1 7DF#300000FFFFFFFFFF
(1648252485.898311) can1 7E8#1083490408313236
(1648252485.898311) can1 7DF#300000FFFFFFFFFF
(1648252485.898311) can1 7EA#2135363132350000
(1648252485.898311) can1 7E8#2133393833350000
(1648252485.898311) can1 7EA#2200000000000032
(1648252485.898311) can1 7E8#2200000000000031
(1648252485.898311) can1 7EA#2334323538373933
(1648252485.898311) can1 7E8#2332363339393435
(1648252485.898311) can1 7EA#2400000000000000
(1648252485.898311) can1 7E8#2400000000000000
(1648252485.898311) can1 7EA#2500323432353838
(1648252485.898311) can1 7E8#2500313236353637
(1648252485.898311) can1 7EA#2630330000000000
(1648252485.898311) can1 7E8#2630360000000000
(1648252485.898311) can1 7EA#2700000032343235
(1648252485.898311) can1 7E8#2700000031323632
(1648252485.898311) can1 7EA#2837333537000000
(1648252485.898311) can1 7E8#2835383932000000
(1648252485.898311) can1 7EA#290000000000AAAA
(1648252485.898311) can1 7E8#2900000000003132
(1648252485.898311) can1 7E8#2A36333838343400
(1648252485.898311) can1 7E8#2B00000000000000
(1648252485.898311) can1 7E8#2C31323632303735
(1648252485.898311) can1 7E8#2D35000000000000
(1648252485.898311) can1 7E8#2E00003132363230
(1648252485.898311) can1 7E8#2F38313800000000
(1648252485.898311) can1 7E8#2000000000313236
(1648252485.898311) can1 7E8#2135363732300000
(1648252485.898311) can1 7E8#22000000000000AA

(1648252485.898311) can1 7DF#020906FFFFFFFFFF
(1648252485.898311) can1 7EA#10134906040000C9
(1648252485.898311) can1 7DF#300000FFFFFFFFFF
(1648252485.898311) can1 7E8#1023490608000090
(1648252485.898311) can1 7DF#300000FFFFFFFFFF
(1648252485.898311) can1 7EA#219B0000DA960000
(1648252485.898311) can1 7E8#21440000D6130000
(1648252485.898311) can1 7EA#225D0C0000CB99AA
(1648252485.898311) can1 7E8#22B0CF000036F200
(1648252485.898311) can1 7E8#230008FA000002AE
(1648252485.898311) can1 7E8#2400005992000046
(1648252485.898311) can1 7E8#25B3AAAAAAAAAAAA

(0.0) can0 244#0000490080
(0.0) can0 244#0100490080
(0.0) can0 244#0200490080
(0.0) can0 244#0300490080
(0.0) can0 244#0400490080
(0.0) can0 244#0500490080
(0.0) can0 244#0600490080
(0.0) can0 244#0700490080
(0.0) can0 244#0800490080
(0.0) can0 244#0900490080
(0.0) can0 244#0A00490080
(0.0) can0 244#0B00490080
(0.0) can0 244#0C00490080
(0.0) can0 244#0D00490080
(0.0) can0 244#0E00490080
(0.0) can0 244#0F00490080
(0.0) can0 244#1000490080
(0.0) can0 244#0000490080

#(0.0) can1 7DF#0209020000000000
#(0.0) can1 7E8#1014490201314A34
#(0.0) can1 7E0#3000000000000000
#(0.0) can1 7E8#2142413648313941
#(0.0) can1 7E8#224C323230303630

#(0.0) can1 7DF#0209020000000000
#(0.0) can1 7E8#1014490201334641
#(0.0) can1 7E0#3000000000000000
#(0.0) can1 7E8#21445034464A3242
#(0.0) can1 7E8#224D313133393133


(1648252485.898311) can1 7E2#03410f9900000000
(1648252488.533792) can1 7E8#03414632AAAAAAAA

(1648252489.690024) can1 7E8#03410573AAAAAAAA
(1648252491.164957) can1 7E8#04410C0956AAAAAA
(1648252493.371060) can1 7E8#03410D22AAAAAAAA
(1648252495.089678) can1 7E8#03410782AAAAAAAA
(1648252493.371060) can1 7E8#0341044400000000
(1648252495.133314) can1 7E8#03410987AAAAAAAA

(1648252479.440505) can1 7E8#03410444

(1648252479.440505) can1 7E8#044110027CAAAAAA

(1648252495.089678) can1 7E8#04414230A3000000

(1648252495.089678) can1 7E8#04411F00470B0000

(1648252482.622519) can1 7EA#046219407BAAAAAA
(1648252485.416232) can1 7EA#0562132A0661AAAA

(1648252484.021492) can1 7E8#0462115C5AAAAAAA
(1648252485.416232) can1 7EA#0462199A01AAAAAA


(1648252485.898311) can1 7DF#0104000000000000
(1648252485.898311) can1 7E8#0144AAAAAAAAAAAA
(1648252485.898311) can1 7EA#0144AAAAAAAAAAAA


